0 info it worked if it ends with ok
1 verbose cli [ 'C:\\Program Files (x86)\\nodejs\\node.exe',
1 verbose cli   'C:\\Program Files (x86)\\nodejs\\node_modules\\npm\\bin\\npm-cli.js',
1 verbose cli   'install',
1 verbose cli   'bootstrap-material-design' ]
2 info using npm@3.8.3
3 info using node@v5.10.1
4 silly loadCurrentTree Starting
5 silly install loadCurrentTree
6 silly install readLocalPackageData
7 silly fetchPackageMetaData bootstrap-material-design
8 silly fetchNamedPackageData bootstrap-material-design
9 silly mapToRegistry name bootstrap-material-design
10 silly mapToRegistry using default registry
11 silly mapToRegistry registry https://registry.npmjs.org/
12 silly mapToRegistry data Result {
12 silly mapToRegistry   raw: 'bootstrap-material-design',
12 silly mapToRegistry   scope: null,
12 silly mapToRegistry   name: 'bootstrap-material-design',
12 silly mapToRegistry   rawSpec: '',
12 silly mapToRegistry   spec: 'latest',
12 silly mapToRegistry   type: 'tag' }
13 silly mapToRegistry uri https://registry.npmjs.org/bootstrap-material-design
14 verbose request uri https://registry.npmjs.org/bootstrap-material-design
15 verbose request no auth needed
16 info attempt registry request try #1 at 16:40:36
17 verbose request id 4c3d3cad2c5b7a48
18 http request GET https://registry.npmjs.org/bootstrap-material-design
19 http 200 https://registry.npmjs.org/bootstrap-material-design
20 verbose headers { server: 'CouchDB/1.5.0 (Erlang OTP/R16B03)',
20 verbose headers   etag: '"1UGI7TPB4VIS2A5VHO4WVNO6X"',
20 verbose headers   'content-type': 'application/json',
20 verbose headers   'cache-control': 'max-age=300',
20 verbose headers   'content-length': '16078',
20 verbose headers   'accept-ranges': 'bytes',
20 verbose headers   date: 'Fri, 15 Apr 2016 09:40:49 GMT',
20 verbose headers   via: '1.1 varnish',
20 verbose headers   age: '0',
20 verbose headers   connection: 'keep-alive',
20 verbose headers   'x-served-by': 'cache-sin6926-SIN',
20 verbose headers   'x-cache': 'MISS',
20 verbose headers   'x-cache-hits': '0',
20 verbose headers   'x-timer': 'S1460713248.513864,VS0,VE491',
20 verbose headers   vary: 'Accept-Encoding' }
21 silly get cb [ 200,
21 silly get   { server: 'CouchDB/1.5.0 (Erlang OTP/R16B03)',
21 silly get     etag: '"1UGI7TPB4VIS2A5VHO4WVNO6X"',
21 silly get     'content-type': 'application/json',
21 silly get     'cache-control': 'max-age=300',
21 silly get     'content-length': '16078',
21 silly get     'accept-ranges': 'bytes',
21 silly get     date: 'Fri, 15 Apr 2016 09:40:49 GMT',
21 silly get     via: '1.1 varnish',
21 silly get     age: '0',
21 silly get     connection: 'keep-alive',
21 silly get     'x-served-by': 'cache-sin6926-SIN',
21 silly get     'x-cache': 'MISS',
21 silly get     'x-cache-hits': '0',
21 silly get     'x-timer': 'S1460713248.513864,VS0,VE491',
21 silly get     vary: 'Accept-Encoding' } ]
22 verbose get saving bootstrap-material-design to C:\Users\clever1\AppData\Roaming\npm-cache\registry.npmjs.org\bootstrap-material-design\.cache.json
23 verbose correctMkdir C:\Users\clever1\AppData\Roaming\npm-cache correctMkdir not in flight; initializing
24 silly install normalizeTree
25 silly loadCurrentTree Finishing
26 silly loadIdealTree Starting
27 silly install loadIdealTree
28 silly cloneCurrentTree Starting
29 silly install cloneCurrentTreeToIdealTree
30 silly cloneCurrentTree Finishing
31 silly loadShrinkwrap Starting
32 silly install loadShrinkwrap
33 silly loadShrinkwrap Finishing
34 silly loadAllDepsIntoIdealTree Starting
35 silly install loadAllDepsIntoIdealTree
36 silly resolveWithNewModule bootstrap-material-design@4.0.1 checking installable status
37 silly cache add args [ 'bootstrap-material-design', null ]
38 verbose cache add spec bootstrap-material-design
39 silly cache add parsed spec Result {
39 silly cache add   raw: 'bootstrap-material-design',
39 silly cache add   scope: null,
39 silly cache add   name: 'bootstrap-material-design',
39 silly cache add   rawSpec: '',
39 silly cache add   spec: 'latest',
39 silly cache add   type: 'tag' }
40 silly addNamed bootstrap-material-design@latest
41 verbose addNamed "latest" is being treated as a dist-tag for bootstrap-material-design
42 info addNameTag [ 'bootstrap-material-design', 'latest' ]
43 silly mapToRegistry name bootstrap-material-design
44 silly mapToRegistry using default registry
45 silly mapToRegistry registry https://registry.npmjs.org/
46 silly mapToRegistry data Result {
46 silly mapToRegistry   raw: 'bootstrap-material-design',
46 silly mapToRegistry   scope: null,
46 silly mapToRegistry   name: 'bootstrap-material-design',
46 silly mapToRegistry   rawSpec: '',
46 silly mapToRegistry   spec: 'latest',
46 silly mapToRegistry   type: 'tag' }
47 silly mapToRegistry uri https://registry.npmjs.org/bootstrap-material-design
48 verbose addNameTag registry:https://registry.npmjs.org/bootstrap-material-design not in flight; fetching
49 verbose get https://registry.npmjs.org/bootstrap-material-design not expired, no request
50 silly addNameTag next cb for bootstrap-material-design with tag latest
51 silly addNamed bootstrap-material-design@4.0.1
52 verbose addNamed "4.0.1" is a plain semver version for bootstrap-material-design
53 silly mapToRegistry name bootstrap-material-design
54 silly mapToRegistry using default registry
55 silly mapToRegistry registry https://registry.npmjs.org/
56 silly mapToRegistry data Result {
56 silly mapToRegistry   raw: 'bootstrap-material-design',
56 silly mapToRegistry   scope: null,
56 silly mapToRegistry   name: 'bootstrap-material-design',
56 silly mapToRegistry   rawSpec: '',
56 silly mapToRegistry   spec: 'latest',
56 silly mapToRegistry   type: 'tag' }
57 silly mapToRegistry uri https://registry.npmjs.org/bootstrap-material-design
58 verbose addRemoteTarball https://registry.npmjs.org/bootstrap-material-design/-/bootstrap-material-design-4.0.1.tgz not in flight; adding
59 verbose addRemoteTarball [ 'https://registry.npmjs.org/bootstrap-material-design/-/bootstrap-material-design-4.0.1.tgz',
59 verbose addRemoteTarball   'f903157c54ba9c31e760be30d5d60d412102ee2f' ]
60 info retry fetch attempt 1 at 16:40:40
61 info attempt registry request try #1 at 16:40:40
62 http fetch GET https://registry.npmjs.org/bootstrap-material-design/-/bootstrap-material-design-4.0.1.tgz
63 http fetch 200 https://registry.npmjs.org/bootstrap-material-design/-/bootstrap-material-design-4.0.1.tgz
64 silly fetchAndShaCheck shasum f903157c54ba9c31e760be30d5d60d412102ee2f
65 verbose addTmpTarball C:\Users\clever1\AppData\Local\Temp\npm-4268-88b585fd\registry.npmjs.org\bootstrap-material-design\-\bootstrap-material-design-4.0.1.tgz not in flight; adding
66 verbose addTmpTarball already have metadata; skipping unpack for bootstrap-material-design@4.0.1
67 verbose correctMkdir C:\Users\clever1\AppData\Roaming\npm-cache correctMkdir not in flight; initializing
68 silly cache afterAdd bootstrap-material-design@4.0.1
69 verbose afterAdd C:\Users\clever1\AppData\Roaming\npm-cache\bootstrap-material-design\4.0.1\package\package.json not in flight; writing
70 verbose correctMkdir C:\Users\clever1\AppData\Roaming\npm-cache correctMkdir not in flight; initializing
71 verbose afterAdd C:\Users\clever1\AppData\Roaming\npm-cache\bootstrap-material-design\4.0.1\package\package.json written
72 silly fetchNamedPackageData jquery
73 silly mapToRegistry name jquery
74 silly mapToRegistry using default registry
75 silly mapToRegistry registry https://registry.npmjs.org/
76 silly mapToRegistry data Result {
76 silly mapToRegistry   raw: 'jquery',
76 silly mapToRegistry   scope: null,
76 silly mapToRegistry   name: 'jquery',
76 silly mapToRegistry   rawSpec: '',
76 silly mapToRegistry   spec: 'latest',
76 silly mapToRegistry   type: 'tag' }
77 silly mapToRegistry uri https://registry.npmjs.org/jquery
78 silly fetchNamedPackageData tether
79 silly mapToRegistry name tether
80 silly mapToRegistry using default registry
81 silly mapToRegistry registry https://registry.npmjs.org/
82 silly mapToRegistry data Result {
82 silly mapToRegistry   raw: 'tether',
82 silly mapToRegistry   scope: null,
82 silly mapToRegistry   name: 'tether',
82 silly mapToRegistry   rawSpec: '',
82 silly mapToRegistry   spec: 'latest',
82 silly mapToRegistry   type: 'tag' }
83 silly mapToRegistry uri https://registry.npmjs.org/tether
84 silly fetchOtherPackageData bootstrap@github:twbs/bootstrap#v4-dev
85 silly cache add args [ 'bootstrap@github:twbs/bootstrap#v4-dev', null ]
86 verbose cache add spec bootstrap@github:twbs/bootstrap#v4-dev
87 silly cache add parsed spec Result {
87 silly cache add   raw: 'bootstrap@github:twbs/bootstrap#v4-dev',
87 silly cache add   scope: null,
87 silly cache add   name: 'bootstrap',
87 silly cache add   rawSpec: 'github:twbs/bootstrap#v4-dev',
87 silly cache add   spec: 'github:twbs/bootstrap#v4-dev',
87 silly cache add   type: 'hosted',
87 silly cache add   hosted:
87 silly cache add    { type: 'github',
87 silly cache add      ssh: 'git@github.com:twbs/bootstrap.git#v4-dev',
87 silly cache add      sshUrl: 'git+ssh://git@github.com/twbs/bootstrap.git#v4-dev',
87 silly cache add      httpsUrl: 'git+https://github.com/twbs/bootstrap.git#v4-dev',
87 silly cache add      gitUrl: 'git://github.com/twbs/bootstrap.git#v4-dev',
87 silly cache add      shortcut: 'github:twbs/bootstrap#v4-dev',
87 silly cache add      directUrl: 'https://raw.githubusercontent.com/twbs/bootstrap/v4-dev/package.json' } }
88 verbose addRemoteGit caching github:twbs/bootstrap#v4-dev
89 verbose addRemoteGit twbs/bootstrap#v4-dev is a repository hosted by github
90 silly tryGitProto attempting to clone git://github.com/twbs/bootstrap.git#v4-dev
91 silly tryClone cloning twbs/bootstrap#v4-dev via git://github.com/twbs/bootstrap.git#v4-dev
92 verbose tryClone git-github-com-twbs-bootstrap-git-v4-dev-846cfaf9 not in flight; caching
93 verbose correctMkdir C:\Users\clever1\AppData\Roaming\npm-cache\_git-remotes correctMkdir not in flight; initializing
94 verbose makeDirectory C:\Users\clever1\AppData\Roaming\npm-cache\_git-remotes creation not in flight; initializing
95 verbose makeCacheDir UID & GID are irrelevant on win32
96 verbose git clone --template=C:\Users\clever1\AppData\Roaming\npm-cache\_git-remotes\_templates --mirror git://github.com/twbs/bootstrap.git C:\Users\clever1\AppData\Roaming\npm-cache\_git-remotes\git-github-com-twbs-bootstrap-git-v4-dev-846cfaf9: undefined
96 verbose git clone --template=C:\Users\clever1\AppData\Roaming\npm-cache\_git-remotes\_templates --mirror git://github.com/twbs/bootstrap.git C:\Users\clever1\AppData\Roaming\npm-cache\_git-remotes\git-github-com-twbs-bootstrap-git-v4-dev-846cfaf9: undefined
97 silly tryHTTPS attempting to clone git+https://github.com/twbs/bootstrap.git#v4-dev
98 silly tryClone cloning twbs/bootstrap#v4-dev via git+https://github.com/twbs/bootstrap.git#v4-dev
99 verbose tryClone git-https-github-com-twbs-bootstrap-git-v4-dev-78465f40 not in flight; caching
100 verbose correctMkdir C:\Users\clever1\AppData\Roaming\npm-cache\_git-remotes correctMkdir not in flight; initializing
101 verbose request uri https://registry.npmjs.org/jquery
102 verbose request no auth needed
103 info attempt registry request try #1 at 16:40:42
104 http request GET https://registry.npmjs.org/jquery
105 verbose git clone --template=C:\Users\clever1\AppData\Roaming\npm-cache\_git-remotes\_templates --mirror https://github.com/twbs/bootstrap.git C:\Users\clever1\AppData\Roaming\npm-cache\_git-remotes\git-https-github-com-twbs-bootstrap-git-v4-dev-78465f40: undefined
105 verbose git clone --template=C:\Users\clever1\AppData\Roaming\npm-cache\_git-remotes\_templates --mirror https://github.com/twbs/bootstrap.git C:\Users\clever1\AppData\Roaming\npm-cache\_git-remotes\git-https-github-com-twbs-bootstrap-git-v4-dev-78465f40: undefined
106 silly trySSH attempting to clone git@github.com:twbs/bootstrap.git#v4-dev
107 silly tryClone cloning twbs/bootstrap#v4-dev via git@github.com:twbs/bootstrap.git#v4-dev
108 verbose tryClone git-github-com-twbs-bootstrap-git-v4-dev-c1f61652 not in flight; caching
109 verbose correctMkdir C:\Users\clever1\AppData\Roaming\npm-cache\_git-remotes correctMkdir not in flight; initializing
110 verbose request uri https://registry.npmjs.org/tether
111 verbose request no auth needed
112 info attempt registry request try #1 at 16:40:42
113 http request GET https://registry.npmjs.org/tether
114 error git clone --template=C:\Users\clever1\AppData\Roaming\npm-cache\_git-remotes\_templates --mirror git@github.com:twbs/bootstrap.git C:\Users\clever1\AppData\Roaming\npm-cache\_git-remotes\git-github-com-twbs-bootstrap-git-v4-dev-c1f61652: undefined
114 error git clone --template=C:\Users\clever1\AppData\Roaming\npm-cache\_git-remotes\_templates --mirror git@github.com:twbs/bootstrap.git C:\Users\clever1\AppData\Roaming\npm-cache\_git-remotes\git-github-com-twbs-bootstrap-git-v4-dev-c1f61652: undefined
115 silly fetchPackageMetaData Error: not found: git
115 silly fetchPackageMetaData     at F (C:\Program Files (x86)\nodejs\node_modules\npm\node_modules\which\which.js:63:19)
115 silly fetchPackageMetaData     at E (C:\Program Files (x86)\nodejs\node_modules\npm\node_modules\which\which.js:72:29)
115 silly fetchPackageMetaData     at C:\Program Files (x86)\nodejs\node_modules\npm\node_modules\which\which.js:81:16
115 silly fetchPackageMetaData     at C:\Program Files (x86)\nodejs\node_modules\npm\node_modules\which\node_modules\isexe\index.js:44:5
115 silly fetchPackageMetaData     at C:\Program Files (x86)\nodejs\node_modules\npm\node_modules\which\node_modules\isexe\windows.js:29:5
115 silly fetchPackageMetaData     at FSReqWrap.oncomplete (fs.js:82:15)
115 silly fetchPackageMetaData  error for bootstrap@github:twbs/bootstrap#v4-dev { [Error: not found: git] code: 'ENOGIT' }
116 http 200 https://registry.npmjs.org/tether
117 verbose headers { server: 'CouchDB/1.5.0 (Erlang OTP/R16B03)',
117 verbose headers   etag: '"5EOGKVHOGROGKPL3O5VU5S3G0"',
117 verbose headers   'content-type': 'application/json',
117 verbose headers   'cache-control': 'max-age=300',
117 verbose headers   'content-length': '21027',
117 verbose headers   'accept-ranges': 'bytes',
117 verbose headers   date: 'Fri, 15 Apr 2016 09:40:53 GMT',
117 verbose headers   via: '1.1 varnish',
117 verbose headers   age: '297',
117 verbose headers   connection: 'keep-alive',
117 verbose headers   'x-served-by': 'cache-sin6927-SIN',
117 verbose headers   'x-cache': 'HIT',
117 verbose headers   'x-cache-hits': '1',
117 verbose headers   'x-timer': 'S1460713253.801532,VS0,VE0',
117 verbose headers   vary: 'Accept-Encoding' }
118 silly get cb [ 200,
118 silly get   { server: 'CouchDB/1.5.0 (Erlang OTP/R16B03)',
118 silly get     etag: '"5EOGKVHOGROGKPL3O5VU5S3G0"',
118 silly get     'content-type': 'application/json',
118 silly get     'cache-control': 'max-age=300',
118 silly get     'content-length': '21027',
118 silly get     'accept-ranges': 'bytes',
118 silly get     date: 'Fri, 15 Apr 2016 09:40:53 GMT',
118 silly get     via: '1.1 varnish',
118 silly get     age: '297',
118 silly get     connection: 'keep-alive',
118 silly get     'x-served-by': 'cache-sin6927-SIN',
118 silly get     'x-cache': 'HIT',
118 silly get     'x-cache-hits': '1',
118 silly get     'x-timer': 'S1460713253.801532,VS0,VE0',
118 silly get     vary: 'Accept-Encoding' } ]
119 verbose get saving tether to C:\Users\clever1\AppData\Roaming\npm-cache\registry.npmjs.org\tether\.cache.json
120 verbose correctMkdir C:\Users\clever1\AppData\Roaming\npm-cache correctMkdir not in flight; initializing
121 silly resolveWithNewModule tether@1.2.2 checking installable status
122 silly cache add args [ 'tether@^1.2.0', null ]
123 verbose cache add spec tether@^1.2.0
124 silly cache add parsed spec Result {
124 silly cache add   raw: 'tether@^1.2.0',
124 silly cache add   scope: null,
124 silly cache add   name: 'tether',
124 silly cache add   rawSpec: '^1.2.0',
124 silly cache add   spec: '>=1.2.0 <2.0.0',
124 silly cache add   type: 'range' }
125 silly addNamed tether@>=1.2.0 <2.0.0
126 verbose addNamed ">=1.2.0 <2.0.0" is a valid semver range for tether
127 silly addNameRange { name: 'tether', range: '>=1.2.0 <2.0.0', hasData: false }
128 silly mapToRegistry name tether
129 silly mapToRegistry using default registry
130 silly mapToRegistry registry https://registry.npmjs.org/
131 silly mapToRegistry data Result {
131 silly mapToRegistry   raw: 'tether',
131 silly mapToRegistry   scope: null,
131 silly mapToRegistry   name: 'tether',
131 silly mapToRegistry   rawSpec: '',
131 silly mapToRegistry   spec: 'latest',
131 silly mapToRegistry   type: 'tag' }
132 silly mapToRegistry uri https://registry.npmjs.org/tether
133 verbose addNameRange registry:https://registry.npmjs.org/tether not in flight; fetching
134 verbose get https://registry.npmjs.org/tether not expired, no request
135 silly addNameRange number 2 { name: 'tether', range: '>=1.2.0 <2.0.0', hasData: true }
136 silly addNameRange versions [ 'tether',
136 silly addNameRange   [ '0.5.2',
136 silly addNameRange     '0.6.5',
136 silly addNameRange     '0.7.1',
136 silly addNameRange     '0.7.2',
136 silly addNameRange     '1.0.0',
136 silly addNameRange     '1.0.1',
136 silly addNameRange     '1.0.2',
136 silly addNameRange     '1.0.3',
136 silly addNameRange     '1.1.0',
136 silly addNameRange     '1.1.1',
136 silly addNameRange     '1.2.0',
136 silly addNameRange     '1.2.2' ] ]
137 silly addNamed tether@1.2.2
138 verbose addNamed "1.2.2" is a plain semver version for tether
139 silly mapToRegistry name tether
140 silly mapToRegistry using default registry
141 silly mapToRegistry registry https://registry.npmjs.org/
142 silly mapToRegistry data Result {
142 silly mapToRegistry   raw: 'tether',
142 silly mapToRegistry   scope: null,
142 silly mapToRegistry   name: 'tether',
142 silly mapToRegistry   rawSpec: '',
142 silly mapToRegistry   spec: 'latest',
142 silly mapToRegistry   type: 'tag' }
143 silly mapToRegistry uri https://registry.npmjs.org/tether
144 verbose addRemoteTarball https://registry.npmjs.org/tether/-/tether-1.2.2.tgz not in flight; adding
145 verbose addRemoteTarball [ 'https://registry.npmjs.org/tether/-/tether-1.2.2.tgz',
145 verbose addRemoteTarball   '2653422548e5d75fdebd4cb6db8ba711d8c8ed67' ]
146 info retry fetch attempt 1 at 16:40:43
147 info attempt registry request try #1 at 16:40:43
148 http fetch GET https://registry.npmjs.org/tether/-/tether-1.2.2.tgz
149 http 200 https://registry.npmjs.org/jquery
150 verbose headers { server: 'CouchDB/1.5.0 (Erlang OTP/R16B03)',
150 verbose headers   etag: '"5LKCNBT4ZV7H54KYU8LA423AE"',
150 verbose headers   'content-type': 'application/json',
150 verbose headers   'cache-control': 'max-age=300',
150 verbose headers   'content-length': '68208',
150 verbose headers   'accept-ranges': 'bytes',
150 verbose headers   date: 'Fri, 15 Apr 2016 09:40:53 GMT',
150 verbose headers   via: '1.1 varnish',
150 verbose headers   age: '216',
150 verbose headers   connection: 'keep-alive',
150 verbose headers   'x-served-by': 'cache-sin6926-SIN',
150 verbose headers   'x-cache': 'HIT',
150 verbose headers   'x-cache-hits': '2',
150 verbose headers   'x-timer': 'S1460713253.395195,VS0,VE0',
150 verbose headers   vary: 'Accept-Encoding' }
151 silly get cb [ 200,
151 silly get   { server: 'CouchDB/1.5.0 (Erlang OTP/R16B03)',
151 silly get     etag: '"5LKCNBT4ZV7H54KYU8LA423AE"',
151 silly get     'content-type': 'application/json',
151 silly get     'cache-control': 'max-age=300',
151 silly get     'content-length': '68208',
151 silly get     'accept-ranges': 'bytes',
151 silly get     date: 'Fri, 15 Apr 2016 09:40:53 GMT',
151 silly get     via: '1.1 varnish',
151 silly get     age: '216',
151 silly get     connection: 'keep-alive',
151 silly get     'x-served-by': 'cache-sin6926-SIN',
151 silly get     'x-cache': 'HIT',
151 silly get     'x-cache-hits': '2',
151 silly get     'x-timer': 'S1460713253.395195,VS0,VE0',
151 silly get     vary: 'Accept-Encoding' } ]
152 verbose get saving jquery to C:\Users\clever1\AppData\Roaming\npm-cache\registry.npmjs.org\jquery\.cache.json
153 verbose correctMkdir C:\Users\clever1\AppData\Roaming\npm-cache correctMkdir not in flight; initializing
154 silly resolveWithNewModule jquery@2.2.3 checking installable status
155 silly cache add args [ 'jquery@^2.2', null ]
156 verbose cache add spec jquery@^2.2
157 silly cache add parsed spec Result {
157 silly cache add   raw: 'jquery@^2.2',
157 silly cache add   scope: null,
157 silly cache add   name: 'jquery',
157 silly cache add   rawSpec: '^2.2',
157 silly cache add   spec: '>=2.2.0 <3.0.0',
157 silly cache add   type: 'range' }
158 silly addNamed jquery@>=2.2.0 <3.0.0
159 verbose addNamed ">=2.2.0 <3.0.0" is a valid semver range for jquery
160 silly addNameRange { name: 'jquery', range: '>=2.2.0 <3.0.0', hasData: false }
161 silly mapToRegistry name jquery
162 silly mapToRegistry using default registry
163 silly mapToRegistry registry https://registry.npmjs.org/
164 silly mapToRegistry data Result {
164 silly mapToRegistry   raw: 'jquery',
164 silly mapToRegistry   scope: null,
164 silly mapToRegistry   name: 'jquery',
164 silly mapToRegistry   rawSpec: '',
164 silly mapToRegistry   spec: 'latest',
164 silly mapToRegistry   type: 'tag' }
165 silly mapToRegistry uri https://registry.npmjs.org/jquery
166 verbose addNameRange registry:https://registry.npmjs.org/jquery not in flight; fetching
167 verbose get https://registry.npmjs.org/jquery not expired, no request
168 silly addNameRange number 2 { name: 'jquery', range: '>=2.2.0 <3.0.0', hasData: true }
169 silly addNameRange versions [ 'jquery',
169 silly addNameRange   [ '1.5.1',
169 silly addNameRange     '1.6.2',
169 silly addNameRange     '1.6.3',
169 silly addNameRange     '1.7.2',
169 silly addNameRange     '1.7.3',
169 silly addNameRange     '1.8.2',
169 silly addNameRange     '1.8.3',
169 silly addNameRange     '2.1.0-beta2',
169 silly addNameRange     '2.1.0-beta3',
169 silly addNameRange     '1.11.0-beta3',
169 silly addNameRange     '1.11.0-rc1',
169 silly addNameRange     '2.1.0-rc1',
169 silly addNameRange     '1.11.0',
169 silly addNameRange     '2.1.0',
169 silly addNameRange     '2.1.1-beta1',
169 silly addNameRange     '1.11.1-beta1',
169 silly addNameRange     '2.1.1-rc1',
169 silly addNameRange     '1.11.1-rc1',
169 silly addNameRange     '2.1.1-rc2',
169 silly addNameRange     '1.11.1-rc2',
169 silly addNameRange     '2.1.1',
169 silly addNameRange     '1.11.1',
169 silly addNameRange     '1.9.1',
169 silly addNameRange     '2.1.2',
169 silly addNameRange     '1.11.2',
169 silly addNameRange     '2.1.3',
169 silly addNameRange     '2.1.4',
169 silly addNameRange     '1.11.3',
169 silly addNameRange     '3.0.0-alpha1',
169 silly addNameRange     '1.12.0',
169 silly addNameRange     '2.2.0',
169 silly addNameRange     '3.0.0-beta1',
169 silly addNameRange     '1.12.1',
169 silly addNameRange     '2.2.1',
169 silly addNameRange     '1.12.2',
169 silly addNameRange     '2.2.2',
169 silly addNameRange     '1.12.3',
169 silly addNameRange     '2.2.3' ] ]
170 silly addNamed jquery@2.2.3
171 verbose addNamed "2.2.3" is a plain semver version for jquery
172 silly mapToRegistry name jquery
173 silly mapToRegistry using default registry
174 silly mapToRegistry registry https://registry.npmjs.org/
175 silly mapToRegistry data Result {
175 silly mapToRegistry   raw: 'jquery',
175 silly mapToRegistry   scope: null,
175 silly mapToRegistry   name: 'jquery',
175 silly mapToRegistry   rawSpec: '',
175 silly mapToRegistry   spec: 'latest',
175 silly mapToRegistry   type: 'tag' }
176 silly mapToRegistry uri https://registry.npmjs.org/jquery
177 verbose addRemoteTarball https://registry.npmjs.org/jquery/-/jquery-2.2.3.tgz not in flight; adding
178 verbose addRemoteTarball [ 'https://registry.npmjs.org/jquery/-/jquery-2.2.3.tgz',
178 verbose addRemoteTarball   '45e07e4190334de36c9e1a64b43b1f1373d91758' ]
179 info retry fetch attempt 1 at 16:40:44
180 info attempt registry request try #1 at 16:40:44
181 http fetch GET https://registry.npmjs.org/jquery/-/jquery-2.2.3.tgz
182 http fetch 200 https://registry.npmjs.org/tether/-/tether-1.2.2.tgz
183 http fetch 200 https://registry.npmjs.org/jquery/-/jquery-2.2.3.tgz
184 silly fetchAndShaCheck shasum 45e07e4190334de36c9e1a64b43b1f1373d91758
185 verbose addTmpTarball C:\Users\clever1\AppData\Local\Temp\npm-4268-88b585fd\registry.npmjs.org\jquery\-\jquery-2.2.3.tgz not in flight; adding
186 verbose addTmpTarball already have metadata; skipping unpack for jquery@2.2.3
187 verbose correctMkdir C:\Users\clever1\AppData\Roaming\npm-cache correctMkdir not in flight; initializing
188 silly cache afterAdd jquery@2.2.3
189 verbose afterAdd C:\Users\clever1\AppData\Roaming\npm-cache\jquery\2.2.3\package\package.json not in flight; writing
190 verbose correctMkdir C:\Users\clever1\AppData\Roaming\npm-cache correctMkdir not in flight; initializing
191 verbose afterAdd C:\Users\clever1\AppData\Roaming\npm-cache\jquery\2.2.3\package\package.json written
192 silly fetchAndShaCheck shasum 2653422548e5d75fdebd4cb6db8ba711d8c8ed67
193 verbose addTmpTarball C:\Users\clever1\AppData\Local\Temp\npm-4268-88b585fd\registry.npmjs.org\tether\-\tether-1.2.2.tgz not in flight; adding
194 verbose addTmpTarball already have metadata; skipping unpack for tether@1.2.2
195 verbose correctMkdir C:\Users\clever1\AppData\Roaming\npm-cache correctMkdir not in flight; initializing
196 silly cache afterAdd tether@1.2.2
197 verbose afterAdd C:\Users\clever1\AppData\Roaming\npm-cache\tether\1.2.2\package\package.json not in flight; writing
198 verbose correctMkdir C:\Users\clever1\AppData\Roaming\npm-cache correctMkdir not in flight; initializing
199 verbose afterAdd C:\Users\clever1\AppData\Roaming\npm-cache\tether\1.2.2\package\package.json written
200 silly rollbackFailedOptional Starting
201 silly rollbackFailedOptional Finishing
202 silly runTopLevelLifecycles Starting
203 silly runTopLevelLifecycles Finishing
204 silly install printInstalled
205 verbose stack Error: not found: git
205 verbose stack     at F (C:\Program Files (x86)\nodejs\node_modules\npm\node_modules\which\which.js:63:19)
205 verbose stack     at E (C:\Program Files (x86)\nodejs\node_modules\npm\node_modules\which\which.js:72:29)
205 verbose stack     at C:\Program Files (x86)\nodejs\node_modules\npm\node_modules\which\which.js:81:16
205 verbose stack     at C:\Program Files (x86)\nodejs\node_modules\npm\node_modules\which\node_modules\isexe\index.js:44:5
205 verbose stack     at C:\Program Files (x86)\nodejs\node_modules\npm\node_modules\which\node_modules\isexe\windows.js:29:5
205 verbose stack     at FSReqWrap.oncomplete (fs.js:82:15)
206 verbose cwd C:\xampp\htdocs\m2_novetty
207 error Windows_NT 6.1.7601
208 error argv "C:\\Program Files (x86)\\nodejs\\node.exe" "C:\\Program Files (x86)\\nodejs\\node_modules\\npm\\bin\\npm-cli.js" "install" "bootstrap-material-design"
209 error node v5.10.1
210 error npm  v3.8.3
211 error code ENOGIT
212 error not found: git
213 error Failed using git.
213 error This is most likely not a problem with npm itself.
213 error Please check if you have git installed and in your PATH.
214 verbose exit [ 1, true ]
